Running valgrind on maps/good/cheese_maze.cub...
Here's the tabbed data:

111111111111111111111
101000001000000000001
101010101011111110001
100010100010000010001
111110101111101011101
100000101000101000001
101111101011101111111
101000001010100000101
101011111010111110101
101010001010100010101
101110101010101010101
100000101010001010001
111111101011111011101
100000101000100010001
101110101110101110111
101000100000100010101
101011111111111010101
100010000000000010001
101010111011111111101
1N1000001000000000001
111111111111111111111


Player starting position is:
X: 1
Y: 19
Orientation: N




Running valgrind on maps/good/creepy.cub...
Here's the tabbed data:

111111111111111
111111000111111
111110000011111
1111000N0001111
111000000000111
110000000000011
100001111100001
110000111000011
111000010000111
111100000001111
111110000011111
111111000111111
111111111111111


Player starting position is:
X: 7
Y: 3
Orientation: N




Running valgrind on maps/good/dungeon.cub...
Here's the tabbed data:

1111111111111111111
10W1001001001000001
1011000001000001001
1001001001111101111
1001111000001001001
1000000000000001001
1001111111111001001
1111000000000001011
1000000001000000001
1111111111111111111


Player starting position is:
X: 2
Y: 1
Orientation: W




Running valgrind on maps/good/library.cub...
Here's the tabbed data:

1111111111111111111
1001001001001001001
1001001001001001001
1001001001001001001
1001001000001001001
100000000S000000001
1000011111111000001
1111000000000001111
1000000101010000001
1111111111111111111


Player starting position is:
X: 9
Y: 5
Orientation: S




Running valgrind on maps/good/matrix.cub...
Here's the tabbed data:

111111111111111111111
101000001000000000001
101010101011111110001
100010100010000010001
111110101111101011101
100000101000101000001
101111101011101111111
101000001010100000101
101011111010111110101
101010001010100010101
101110101010101010101
100000101010001010001
111111101011111011101
100000101000100010001
101110101110101110111
101000100000100010101
101011111111111010101
100010000000000010001
101010111011111111101
1N1000001000000000001
111111111111111111111


Player starting position is:
X: 1
Y: 19
Orientation: N




Running valgrind on maps/good/sad_face.cub...
Here's the tabbed data:

111111111111111
111111000111111
111110000011111
1111000N0001111
111000000000111
110000000000011
100001111100001
110000111000011
111000010000111
111100000001111
111110000011111
111111000111111
111111111111111


Player starting position is:
X: 7
Y: 3
Orientation: N




Running valgrind on maps/good/square_map copy.cub...
Here's the tabbed data:

1111
10W1
1111


Player starting position is:
X: 2
Y: 1
Orientation: W




Running valgrind on maps/good/square_map.cub...
Here's the tabbed data:

111111111111111111111111
100000000000000000000001
100000000000000000000001
100000000N00000000000001
100000000000000000000001
100000000000000000000001
100000000000000000000001
100000111110000101010001
100000100010000000000001
100000100010000100010001
100000100010000000000001
100000111100001010100001
100000000000000000000001
100000000000000000000001
100000000000000000000001
100000000000000000000001
100000000000000000000001
100000000000000000000001
100000000000000000000001
111111111000000000000001
100100001000000000000001
100000101000000000000001
100100001000000000000001
100111111000000000000001
100000000000000000000001
100000000000000000000001
111111111111111111111111


Player starting position is:
X: 9
Y: 3
Orientation: N




Running valgrind on maps/good/subject_map.cub...
Here's the tabbed data:

11111
10001
10001
10001
10001
10001
10N01
10001
11111


Player starting position is:
X: 2
Y: 6
Orientation: N




Running valgrind on maps/good/test_map.cub...
Here's the tabbed data:

111111111111
10S000000001
111111111111


Player starting position is:
X: 2
Y: 1
Orientation: S




Running valgrind on maps/good/test_map_hole.cub...
Here's the tabbed data:

111111111111
100000000011
100000000001
100000000011
10S000000001
111111111111


Player starting position is:
X: 2
Y: 4
Orientation: S




Running valgrind on maps/good/test_pos_bottom.cub...
Here's the tabbed data:

111
101
101
101
101
101
101
101
101
101
101
1S1
111


Player starting position is:
X: 1
Y: 11
Orientation: S




Running valgrind on maps/good/test_pos_left.cub...
Here's the tabbed data:

111111111111111111111
1W0000000000000000001
111111111111111111111


Player starting position is:
X: 1
Y: 1
Orientation: W




Running valgrind on maps/good/test_pos_right.cub...
Here's the tabbed data:

111111111111111111111
1000000000000000000E1
111111111111111111111


Player starting position is:
X: 19
Y: 1
Orientation: E




Running valgrind on maps/good/test_pos_top.cub...
Here's the tabbed data:

111
1N1
101
101
101
101
101
101
101
101
101
101
111


Player starting position is:
X: 1
Y: 1
Orientation: N




Running valgrind on maps/good/test_textures.cub...
Here's the tabbed data:

11111
10001
10S01
10001
10001
10001
11001
10001
10001
10001
10001
10001
11111


Player starting position is:
X: 2
Y: 2
Orientation: S




Running valgrind on maps/good/test_whitespace.cub...
Here's the tabbed data:

11111
10001
10S01
10001
10001
10001
11001
10001
10001
10001
10001
10001
11111


Player starting position is:
X: 2
Y: 2
Orientation: S




Running valgrind on maps/good/works.cub...
Here's the tabbed data:

1111111111111111111111111
10S0110000100000000000001
1000110000000000111111001
1000110000000000110001001
1000000000100000000001001
1111111111111111111111111


Player starting position is:
X: 2
Y: 1
Orientation: S




